<?xml version="1.0" encoding="UTF-8"?>
<!-- Generated by org.testng.reporters.JUnitXMLReporter -->
<testsuite hostname="mathu-pc" ignored="2" name="Test1" tests="2" failures="0" timestamp="13 Mar 2019 12:06:57 GMT" time="18.9" errors="0">
  <testcase name="login" time="2.054" classname="samplemaven.testcases.TC001_Login"/>
  <testcase name="login" time="2.007" classname="samplemaven.testcases.TC002_Login2"/>
  <testcase name="@AfterSuite stopResult" time="0.0" classname="samplemaven.utils.Reporter">
    <ignored/>
  </testcase> <!-- @AfterSuite stopResult -->
  <testcase name="@BeforeSuite startResult" time="0.0" classname="samplemaven.utils.Reporter">
    <ignored/>
  </testcase> <!-- @BeforeSuite startResult -->
</testsuite> <!-- Test1 -->
