<?xml version="1.0" encoding="UTF-8"?>
<testng-results skipped="0" failed="0" ignored="0" total="1" passed="1">
  <reporter-output>
  </reporter-output>
  <suite name="Suite" duration-ms="9140" started-at="2019-03-13T13:42:33Z" finished-at="2019-03-13T13:42:42Z">
    <groups>
    </groups>
    <test name="Test" duration-ms="9140" started-at="2019-03-13T13:42:33Z" finished-at="2019-03-13T13:42:42Z">
      <class name="samplemaven.testcases.TC001_Login">
        <test-method status="PASS" signature="startResult()[pri:0, instance:samplemaven.testcases.TC001_Login@5ce81285]" name="startResult" is-config="true" duration-ms="738" started-at="2019-03-13T19:12:32Z" finished-at="2019-03-13T19:12:33Z">
          <reporter-output>
          </reporter-output>
        </test-method> <!-- startResult -->
        <test-method status="PASS" signature="setData()[pri:0, instance:samplemaven.testcases.TC001_Login@5ce81285]" name="setData" is-config="true" duration-ms="0" started-at="2019-03-13T19:12:33Z" finished-at="2019-03-13T19:12:33Z">
          <reporter-output>
          </reporter-output>
        </test-method> <!-- setData -->
        <test-method status="PASS" signature="startTestcase()[pri:0, instance:samplemaven.testcases.TC001_Login@5ce81285]" name="startTestcase" is-config="true" duration-ms="10" started-at="2019-03-13T19:12:33Z" finished-at="2019-03-13T19:12:33Z">
          <reporter-output>
          </reporter-output>
        </test-method> <!-- startTestcase -->
        <test-method status="PASS" signature="startApplication(java.lang.String, java.lang.String)[pri:0, instance:samplemaven.testcases.TC001_Login@5ce81285]" name="startApplication" is-config="true" duration-ms="6847" started-at="2019-03-13T19:12:33Z" finished-at="2019-03-13T19:12:40Z">
          <params>
            <param index="0">
              <value>
                <![CDATA[chrome]]>
              </value>
            </param>
            <param index="1">
              <value>
                <![CDATA[http://leaftaps.com/opentaps]]>
              </value>
            </param>
          </params>
          <reporter-output>
          </reporter-output>
        </test-method> <!-- startApplication -->
        <test-method status="PASS" signature="login(java.lang.String, java.lang.String, java.lang.String)[pri:0, instance:samplemaven.testcases.TC001_Login@5ce81285]" name="login" duration-ms="1590" started-at="2019-03-13T19:12:40Z" data-provider="fetchData" finished-at="2019-03-13T19:12:42Z">
          <params>
            <param index="0">
              <value>
                <![CDATA[DemoSalesManager]]>
              </value>
            </param>
            <param index="1">
              <value>
                <![CDATA[crmsfa]]>
              </value>
            </param>
            <param index="2">
              <value>
                <![CDATA[848]]>
              </value>
            </param>
          </params>
          <reporter-output>
          </reporter-output>
        </test-method> <!-- login -->
        <test-method status="PASS" signature="stopResult()[pri:0, instance:samplemaven.testcases.TC001_Login@5ce81285]" name="stopResult" is-config="true" duration-ms="461" started-at="2019-03-13T19:12:42Z" finished-at="2019-03-13T19:12:42Z">
          <reporter-output>
          </reporter-output>
        </test-method> <!-- stopResult -->
      </class> <!-- samplemaven.testcases.TC001_Login -->
    </test> <!-- Test -->
  </suite> <!-- Suite -->
</testng-results>
